{
  "stats": {
    "suites": 1,
    "tests": 4,
    "passes": 2,
    "pending": 0,
    "failures": 2,
    "start": "2024-11-13T00:52:06.344Z",
    "end": "2024-11-13T00:52:35.719Z",
    "duration": 29375,
    "testsRegistered": 4,
    "passPercent": 50,
    "pendingPercent": 0,
    "other": 0,
    "hasOther": false,
    "skipped": 0,
    "hasSkipped": false
  },
  "results": [
    {
      "uuid": "30b8626f-c913-41f3-8b9f-26dcbfa3eab5",
      "title": "",
      "fullFile": "cypress\\e2e\\app\\user\\user.spec.cy.js",
      "file": "cypress\\e2e\\app\\user\\user.spec.cy.js",
      "beforeHooks": [],
      "afterHooks": [],
      "tests": [],
      "suites": [
        {
          "uuid": "c1032b3e-3f3a-44f9-8035-2d3393a83357",
          "title": "Usuários devem realizar o gerenciamento do seu perfil e o crud de usuários de nível inferior",
          "fullFile": "",
          "file": "",
          "beforeHooks": [],
          "afterHooks": [],
          "tests": [
            {
              "title": "Inserção de usuário",
              "fullTitle": "Usuários devem realizar o gerenciamento do seu perfil e o crud de usuários de nível inferior Inserção de usuário",
              "timedOut": null,
              "duration": 11435,
              "state": "failed",
              "speed": null,
              "pass": false,
              "fail": true,
              "pending": false,
              "context": null,
              "code": "cy.login(Cypress.env('USER_MASTER'), Cypress.env('USER_MASTER_PASSWORD'));\ncy.wait(400);\ncy.get('a').contains('Gerenciar Usuários').should('exist').click();\ncy.wait(400);\ncy.get('.navbar-toggler-icon').should('exist').click();\ncy.wait(400);\ncy.get('#register-user').should('exist').click();\ncy.wait(400);\ncy.get('#primeiro-nome').should('exist').type('João');\ncy.get('#ultimo-nome').should('exist').type('Magalhães');\ncy.get('#matricula').should('exist').type('4');\ncy.get('#privilegio').should('exist').select('admin');\ncy.get('input[name=\"senha\"]').should('exist').type('12345678910');\ncy.get('button[type=\"submit\"]').should('exist').click();\ncy.wait(400);\ncy.get('.navbar-toggler-icon').should('exist').click();\ncy.wait(400);\ncy.get('#generated-passwords').should('exist').click();\n//----------------------------------------------------//\ncy.wait(400);\ncy.get('button').contains('Copiar Senha').should('exist').then(button => {\n  if (button) {\n    cy.get('button').contains('Copiar Senha').click();\n  }\n  cy.visit(`${Cypress.env('URL_TEST')}/admin/menu`);\n  cy.wait(400);\n  cy.logout();\n});",
              "err": {
                "message": "AssertionError: Timed out retrying after 4000ms: Expected to find content: 'Copiar Senha' within the element: <button#search-user.btn.btn-success> but never did.",
                "estack": "AssertionError: Timed out retrying after 4000ms: Expected to find content: 'Copiar Senha' within the element: <button#search-user.btn.btn-success> but never did.\n    at Context.eval (webpack://api-de-consulta-de-treinamentos/./cypress/e2e/app/user/user.spec.cy.js:47:50)",
                "diff": null
              },
              "uuid": "3397b03b-4350-4de4-b800-9e272abea88f",
              "parentUUID": "c1032b3e-3f3a-44f9-8035-2d3393a83357",
              "isHook": false,
              "skipped": false
            },
            {
              "title": "Alteração de senha",
              "fullTitle": "Usuários devem realizar o gerenciamento do seu perfil e o crud de usuários de nível inferior Alteração de senha",
              "timedOut": null,
              "duration": 6181,
              "state": "failed",
              "speed": null,
              "pass": false,
              "fail": true,
              "pending": false,
              "context": null,
              "code": "cy.login('4', '12345678910');\ncy.wait(400);\ncy.get('a').contains('Meu Perfil').should('exist').click();\ncy.wait(400);\ncy.get('button').contains('Alterar senha').should('exist').click();\ncy.wait(400);\ncy.get('input[name=\"senha\"]').should('exist').type('87654321');\ncy.get('input[name=\"contraSenha\"]').should('exist').type('87654321');\ncy.get('button[type=\"submit\"]').contains('Salvar').should('exist').click();\ncy.wait(400);\ncy.visit(`${Cypress.env('URL_TEST')}/admin/menu`);\ncy.wait(400);\ncy.logout();",
              "err": {
                "message": "AssertionError: Timed out retrying after 4000ms: Expected to find element: `button[id=\"modal-logout-btn\"]`, but never found it.",
                "estack": "AssertionError: Timed out retrying after 4000ms: Expected to find element: `button[id=\"modal-logout-btn\"]`, but never found it.\n    at Context.eval (webpack://api-de-consulta-de-treinamentos/./cypress/support/commands.js:37:44)",
                "diff": null
              },
              "uuid": "0bc6bfc7-23e9-4a3c-b0e7-c4ef3c612b0b",
              "parentUUID": "c1032b3e-3f3a-44f9-8035-2d3393a83357",
              "isHook": false,
              "skipped": false
            },
            {
              "title": "Edição de usuário",
              "fullTitle": "Usuários devem realizar o gerenciamento do seu perfil e o crud de usuários de nível inferior Edição de usuário",
              "timedOut": null,
              "duration": 6220,
              "state": "passed",
              "speed": "medium",
              "pass": true,
              "fail": false,
              "pending": false,
              "context": null,
              "code": "cy.login(Cypress.env('USER_MASTER'), Cypress.env('USER_MASTER_PASSWORD'));\ncy.wait(400);\ncy.get('a').contains('Gerenciar Usuários').should('exist').click();\ncy.wait(400);\ncy.get('.navbar-toggler-icon').should('exist').click();\ncy.wait(400);\ncy.get('#generated-passwords').should('exist').click();\ncy.wait(400);\ncy.visit(`${Cypress.env('URL_TEST')}/admin/manage-users`);\ncy.wait(400);\ncy.get('#edit-user').should('exist').click();\ncy.wait(400);\ncy.get('#ultimo-nome').should('exist').clear();\ncy.get('#ultimo-nome').should('exist').type('Silveira');\ncy.get('#privilegio').should('exist').select('tecnico-campo');\ncy.get('button').contains('Editar').should('exist').click();\ncy.wait(400);",
              "err": {},
              "uuid": "129e8639-0c16-4014-bf43-16ac19730d5b",
              "parentUUID": "c1032b3e-3f3a-44f9-8035-2d3393a83357",
              "isHook": false,
              "skipped": false
            },
            {
              "title": "Remoção de usuário",
              "fullTitle": "Usuários devem realizar o gerenciamento do seu perfil e o crud de usuários de nível inferior Remoção de usuário",
              "timedOut": null,
              "duration": 3644,
              "state": "passed",
              "speed": "fast",
              "pass": true,
              "fail": false,
              "pending": false,
              "context": null,
              "code": "cy.login(Cypress.env('USER_MASTER'), Cypress.env('USER_MASTER_PASSWORD'));\ncy.wait(400);\ncy.get('a').contains('Gerenciar Usuários').should('exist').click();\ncy.wait(400);\ncy.get('button[id=\"delete-user\"]').should('exist').click();\ncy.wait(400);\ncy.get('button[type=\"submit\"]').contains('Excluir').should('exist').click();",
              "err": {},
              "uuid": "6d5c9d54-f36c-400e-a8fe-66d9d7f04ccb",
              "parentUUID": "c1032b3e-3f3a-44f9-8035-2d3393a83357",
              "isHook": false,
              "skipped": false
            }
          ],
          "suites": [],
          "passes": [
            "129e8639-0c16-4014-bf43-16ac19730d5b",
            "6d5c9d54-f36c-400e-a8fe-66d9d7f04ccb"
          ],
          "failures": [
            "3397b03b-4350-4de4-b800-9e272abea88f",
            "0bc6bfc7-23e9-4a3c-b0e7-c4ef3c612b0b"
          ],
          "pending": [],
          "skipped": [],
          "duration": 27480,
          "root": false,
          "rootEmpty": false,
          "_timeout": 2000
        }
      ],
      "passes": [],
      "failures": [],
      "pending": [],
      "skipped": [],
      "duration": 0,
      "root": true,
      "rootEmpty": true,
      "_timeout": 2000
    }
  ],
  "meta": {
    "mocha": {
      "version": "7.0.1"
    },
    "mochawesome": {
      "options": {
        "quiet": false,
        "reportFilename": "mochawesome",
        "saveHtml": true,
        "saveJson": true,
        "consoleReporter": "spec",
        "useInlineDiffs": false,
        "code": true
      },
      "version": "7.1.3"
    },
    "marge": {
      "options": {
        "reportDir": "cypress/results",
        "overwrite": true,
        "html": true,
        "json": true
      },
      "version": "6.2.0"
    }
  }
}