{
  "stats": {
    "suites": 1,
    "tests": 4,
    "passes": 4,
    "pending": 0,
    "failures": 0,
    "start": "2024-11-11T07:14:30.625Z",
    "end": "2024-11-11T07:14:54.557Z",
    "duration": 23932,
    "testsRegistered": 4,
    "passPercent": 100,
    "pendingPercent": 0,
    "other": 0,
    "hasOther": false,
    "skipped": 0,
    "hasSkipped": false
  },
  "results": [
    {
      "uuid": "28316791-49f2-4b1a-b25d-160e248a91b6",
      "title": "",
      "fullFile": "cypress\\e2e\\app\\user\\user.spec.cy.js",
      "file": "cypress\\e2e\\app\\user\\user.spec.cy.js",
      "beforeHooks": [],
      "afterHooks": [],
      "tests": [],
      "suites": [
        {
          "uuid": "4a3efd18-df48-4a58-a600-157a37a736ac",
          "title": "Usuários devem realizar o gerenciamento do seu perfil e o crud de usuários de nível inferior",
          "fullFile": "",
          "file": "",
          "beforeHooks": [],
          "afterHooks": [],
          "tests": [
            {
              "title": "Inserção de usuário",
              "fullTitle": "Usuários devem realizar o gerenciamento do seu perfil e o crud de usuários de nível inferior Inserção de usuário",
              "timedOut": null,
              "duration": 7758,
              "state": "passed",
              "speed": "medium",
              "pass": true,
              "fail": false,
              "pending": false,
              "context": null,
              "code": "cy.login(Cypress.env('USER_MASTER'), Cypress.env('USER_MASTER_PASSWORD'));\ncy.wait(400);\ncy.get('a').contains('Gerenciar Usuários').should('exist').click();\ncy.wait(400);\ncy.get('.navbar-toggler-icon').should('exist').click();\ncy.wait(400);\ncy.get('#register-user').should('exist').click();\ncy.wait(400);\ncy.get('#primeiro-nome').should('exist').type('João');\ncy.get('#ultimo-nome').should('exist').type('Magalhães');\ncy.get('#matricula').should('exist').type('4');\ncy.get('#privilegio').should('exist').select('admin');\ncy.get('input[name=\"senha\"]').should('exist').type('12345678910');\ncy.get('button[type=\"submit\"]').should('exist').click();\ncy.wait(400);\ncy.get('.navbar-toggler-icon').should('exist').click();\ncy.wait(400);\ncy.get('#generated-passwords').should('exist').click();\n//----------------------------------------------------//\ncy.wait(400);\ncy.get('button').contains('Copiar Senha').should('exist').then(button => {\n  if (button) {\n    cy.get('button').contains('Copiar Senha').click();\n  }\n  cy.visit(`${Cypress.env('URL_TEST')}/admin/menu`);\n  cy.wait(400);\n  cy.logout();\n});",
              "err": {},
              "uuid": "456b5773-e6b3-4c47-bc27-678b5152bd3e",
              "parentUUID": "4a3efd18-df48-4a58-a600-157a37a736ac",
              "isHook": false,
              "skipped": false
            },
            {
              "title": "Alteração de senha",
              "fullTitle": "Usuários devem realizar o gerenciamento do seu perfil e o crud de usuários de nível inferior Alteração de senha",
              "timedOut": null,
              "duration": 5272,
              "state": "passed",
              "speed": "medium",
              "pass": true,
              "fail": false,
              "pending": false,
              "context": null,
              "code": "cy.login('4', '12345678910');\ncy.wait(400);\ncy.get('a').contains('Meu Perfil').should('exist').click();\ncy.wait(400);\ncy.get('button').contains('Alterar senha').should('exist').click();\ncy.wait(400);\ncy.get('input[name=\"senha\"]').should('exist').type('87654321');\ncy.get('input[name=\"contraSenha\"]').should('exist').type('87654321');\ncy.get('button[type=\"submit\"]').contains('Salvar').should('exist').click();\ncy.wait(400);\ncy.visit(`${Cypress.env('URL_TEST')}/admin/menu`);\ncy.wait(400);\ncy.logout();",
              "err": {},
              "uuid": "f1962c5a-3db3-4447-b704-48ffaba10586",
              "parentUUID": "4a3efd18-df48-4a58-a600-157a37a736ac",
              "isHook": false,
              "skipped": false
            },
            {
              "title": "Edição de usuário",
              "fullTitle": "Usuários devem realizar o gerenciamento do seu perfil e o crud de usuários de nível inferior Edição de usuário",
              "timedOut": null,
              "duration": 6037,
              "state": "passed",
              "speed": "medium",
              "pass": true,
              "fail": false,
              "pending": false,
              "context": null,
              "code": "cy.login(Cypress.env('USER_MASTER'), Cypress.env('USER_MASTER_PASSWORD'));\ncy.wait(400);\ncy.get('a').contains('Gerenciar Usuários').should('exist').click();\ncy.wait(400);\ncy.get('.navbar-toggler-icon').should('exist').click();\ncy.wait(400);\ncy.get('#generated-passwords').should('exist').click();\ncy.wait(400);\ncy.visit(`${Cypress.env('URL_TEST')}/admin/manage-users`);\ncy.wait(400);\ncy.get('#edit-user').should('exist').click();\ncy.wait(400);\ncy.get('#ultimo-nome').should('exist').clear();\ncy.get('#ultimo-nome').should('exist').type('Silveira');\ncy.get('#privilegio').should('exist').select('tecnico-campo');\ncy.get('button').contains('Editar').should('exist').click();\ncy.wait(400);",
              "err": {},
              "uuid": "e4fd51e8-5903-40dd-846b-669604e4e6de",
              "parentUUID": "4a3efd18-df48-4a58-a600-157a37a736ac",
              "isHook": false,
              "skipped": false
            },
            {
              "title": "Remoção de usuário",
              "fullTitle": "Usuários devem realizar o gerenciamento do seu perfil e o crud de usuários de nível inferior Remoção de usuário",
              "timedOut": null,
              "duration": 3570,
              "state": "passed",
              "speed": "fast",
              "pass": true,
              "fail": false,
              "pending": false,
              "context": null,
              "code": "cy.login(Cypress.env('USER_MASTER'), Cypress.env('USER_MASTER_PASSWORD'));\ncy.wait(400);\ncy.get('a').contains('Gerenciar Usuários').should('exist').click();\ncy.wait(400);\ncy.get('button[id=\"delete-user\"]').should('exist').click();\ncy.wait(400);\ncy.get('button[type=\"submit\"]').contains('Excluir').should('exist').click();",
              "err": {},
              "uuid": "086ba1f7-6f0b-4aac-8468-bb244a22111f",
              "parentUUID": "4a3efd18-df48-4a58-a600-157a37a736ac",
              "isHook": false,
              "skipped": false
            }
          ],
          "suites": [],
          "passes": [
            "456b5773-e6b3-4c47-bc27-678b5152bd3e",
            "f1962c5a-3db3-4447-b704-48ffaba10586",
            "e4fd51e8-5903-40dd-846b-669604e4e6de",
            "086ba1f7-6f0b-4aac-8468-bb244a22111f"
          ],
          "failures": [],
          "pending": [],
          "skipped": [],
          "duration": 22637,
          "root": false,
          "rootEmpty": false,
          "_timeout": 2000
        }
      ],
      "passes": [],
      "failures": [],
      "pending": [],
      "skipped": [],
      "duration": 0,
      "root": true,
      "rootEmpty": true,
      "_timeout": 2000
    }
  ],
  "meta": {
    "mocha": {
      "version": "7.0.1"
    },
    "mochawesome": {
      "options": {
        "quiet": false,
        "reportFilename": "mochawesome",
        "saveHtml": true,
        "saveJson": true,
        "consoleReporter": "spec",
        "useInlineDiffs": false,
        "code": true
      },
      "version": "7.1.3"
    },
    "marge": {
      "options": {
        "reportDir": "cypress/results",
        "overwrite": true,
        "html": true,
        "json": true
      },
      "version": "6.2.0"
    }
  }
}